Connecting to database specified by database.yml
Connecting to database specified by database.yml
  [1m[36m (15.1ms)[0m  [1mCREATE TABLE `schema_migrations` (`version` varchar(255) NOT NULL) ENGINE=InnoDB[0m
  [1m[35m (12.6ms)[0m  CREATE UNIQUE INDEX `unique_schema_migrations` ON `schema_migrations` (`version`)
  [1m[36m (0.3ms)[0m  [1mSELECT `schema_migrations`.`version` FROM `schema_migrations` [0m
Migrating to DeviseCreateUsers (20120823155648)
  [1m[35m (8.8ms)[0m  CREATE TABLE `users` (`id` int(11) DEFAULT NULL auto_increment PRIMARY KEY, `email` varchar(255) DEFAULT '' NOT NULL, `encrypted_password` varchar(255) DEFAULT '' NOT NULL, `reset_password_token` varchar(255), `reset_password_sent_at` datetime, `remember_created_at` datetime, `sign_in_count` int(11) DEFAULT 0, `current_sign_in_at` datetime, `last_sign_in_at` datetime, `current_sign_in_ip` varchar(255), `last_sign_in_ip` varchar(255), `created_at` datetime NOT NULL, `updated_at` datetime NOT NULL) ENGINE=InnoDB
  [1m[36m (10.3ms)[0m  [1mCREATE UNIQUE INDEX `index_users_on_email` ON `users` (`email`)[0m
  [1m[35m (12.7ms)[0m  CREATE UNIQUE INDEX `index_users_on_reset_password_token` ON `users` (`reset_password_token`)
  [1m[36m (0.5ms)[0m  [1mINSERT INTO `schema_migrations` (`version`) VALUES ('20120823155648')[0m
  [1m[35m (0.2ms)[0m  SELECT `schema_migrations`.`version` FROM `schema_migrations` 
Connecting to database specified by database.yml


Started GET "/" for 127.0.0.1 at 2012-08-23 22:58:23 +0700
Processing by HomeController#index as HTML
  Rendered home/index.html.haml within layouts/application (0.9ms)
Completed 200 OK in 68ms (Views: 67.3ms | ActiveRecord: 0.0ms)


Started GET "/" for 127.0.0.1 at 2012-08-23 23:00:56 +0700
Processing by HomeController#index as HTML
  Rendered home/index.html.haml within layouts/application (0.1ms)
Completed 200 OK in 67ms (Views: 67.2ms | ActiveRecord: 0.0ms)


Started GET "/users/sign_in" for 127.0.0.1 at 2012-08-23 23:01:01 +0700
Processing by Devise::SessionsController#new as HTML
  Rendered /Users/ruslan/.rvm/gems/ruby-1.9.3-p194@happy/gems/devise-2.1.2/app/views/devise/shared/_links.erb (1.7ms)
  Rendered /Users/ruslan/.rvm/gems/ruby-1.9.3-p194@happy/gems/devise-2.1.2/app/views/devise/sessions/new.html.erb within layouts/application (8.5ms)
Completed 200 OK in 69ms (Views: 18.9ms | ActiveRecord: 2.1ms)


Started GET "/users/sign_in" for 127.0.0.1 at 2012-08-23 23:01:30 +0700
Processing by Devise::SessionsController#new as HTML
  Rendered /Users/ruslan/.rvm/gems/ruby-1.9.3-p194@happy/gems/devise-2.1.2/app/views/devise/shared/_links.erb (0.6ms)
  Rendered /Users/ruslan/.rvm/gems/ruby-1.9.3-p194@happy/gems/devise-2.1.2/app/views/devise/sessions/new.html.erb within layouts/application (4.8ms)
Completed 200 OK in 48ms (Views: 46.9ms | ActiveRecord: 0.0ms)


Started GET "/users/sign_in" for 127.0.0.1 at 2012-08-23 23:03:14 +0700
Processing by Devise::SessionsController#new as HTML
  Rendered /Users/ruslan/.rvm/gems/ruby-1.9.3-p194@happy/gems/devise-2.1.2/app/views/devise/shared/_links.erb (0.4ms)
  Rendered /Users/ruslan/.rvm/gems/ruby-1.9.3-p194@happy/gems/devise-2.1.2/app/views/devise/sessions/new.html.erb within layouts/application (3.8ms)
Completed 200 OK in 42ms (Views: 41.4ms | ActiveRecord: 0.0ms)


Started GET "/users/sign_in" for 127.0.0.1 at 2012-08-23 23:03:41 +0700
Processing by Devise::SessionsController#new as HTML
  Rendered /Users/ruslan/.rvm/gems/ruby-1.9.3-p194@happy/gems/devise-2.1.2/app/views/devise/shared/_links.erb (0.5ms)
  Rendered /Users/ruslan/.rvm/gems/ruby-1.9.3-p194@happy/gems/devise-2.1.2/app/views/devise/sessions/new.html.erb within layouts/application (5.5ms)
Completed 200 OK in 65ms (Views: 63.8ms | ActiveRecord: 0.0ms)


Started GET "/users/sign_in" for 127.0.0.1 at 2012-08-23 23:03:55 +0700
Processing by Devise::SessionsController#new as HTML
  Rendered /Users/ruslan/.rvm/gems/ruby-1.9.3-p194@happy/gems/devise-2.1.2/app/views/devise/shared/_links.erb (0.7ms)
  Rendered /Users/ruslan/.rvm/gems/ruby-1.9.3-p194@happy/gems/devise-2.1.2/app/views/devise/sessions/new.html.erb within layouts/application (5.6ms)
Completed 200 OK in 50ms (Views: 48.8ms | ActiveRecord: 0.0ms)


Started GET "/users/sign_in" for 127.0.0.1 at 2012-08-23 23:03:56 +0700
Processing by Devise::SessionsController#new as HTML
  Rendered /Users/ruslan/.rvm/gems/ruby-1.9.3-p194@happy/gems/devise-2.1.2/app/views/devise/shared/_links.erb (0.6ms)
  Rendered /Users/ruslan/.rvm/gems/ruby-1.9.3-p194@happy/gems/devise-2.1.2/app/views/devise/sessions/new.html.erb within layouts/application (4.3ms)
Completed 200 OK in 17ms (Views: 16.1ms | ActiveRecord: 0.0ms)


Started GET "/users/sign_in" for 127.0.0.1 at 2012-08-23 23:04:11 +0700
Processing by Devise::SessionsController#new as HTML
  Rendered /Users/ruslan/.rvm/gems/ruby-1.9.3-p194@happy/gems/devise-2.1.2/app/views/devise/shared/_links.erb (0.6ms)
  Rendered /Users/ruslan/.rvm/gems/ruby-1.9.3-p194@happy/gems/devise-2.1.2/app/views/devise/sessions/new.html.erb within layouts/application (4.3ms)
Completed 200 OK in 18ms (Views: 16.6ms | ActiveRecord: 0.0ms)


Started GET "/users/sign_in" for 127.0.0.1 at 2012-08-23 23:04:24 +0700
Processing by Devise::SessionsController#new as HTML
  Rendered /Users/ruslan/.rvm/gems/ruby-1.9.3-p194@happy/gems/devise-2.1.2/app/views/devise/shared/_links.erb (0.3ms)
  Rendered /Users/ruslan/.rvm/gems/ruby-1.9.3-p194@happy/gems/devise-2.1.2/app/views/devise/sessions/new.html.erb within layouts/application (3.5ms)
Completed 200 OK in 40ms (Views: 23.1ms | ActiveRecord: 0.0ms)


Started GET "/" for 127.0.0.1 at 2012-08-23 23:04:25 +0700
Processing by HomeController#index as HTML
  Rendered home/index.html.haml within layouts/application (0.1ms)
Completed 200 OK in 9ms (Views: 9.2ms | ActiveRecord: 0.0ms)


Started GET "/users/sign_in" for 127.0.0.1 at 2012-08-23 23:04:27 +0700
Processing by Devise::SessionsController#new as HTML
  Rendered /Users/ruslan/.rvm/gems/ruby-1.9.3-p194@happy/gems/devise-2.1.2/app/views/devise/shared/_links.erb (0.5ms)
  Rendered /Users/ruslan/.rvm/gems/ruby-1.9.3-p194@happy/gems/devise-2.1.2/app/views/devise/sessions/new.html.erb within layouts/application (3.7ms)
Completed 200 OK in 15ms (Views: 14.4ms | ActiveRecord: 0.0ms)


Started GET "/" for 127.0.0.1 at 2012-08-23 23:04:29 +0700
Processing by HomeController#index as HTML
  Rendered home/index.html.haml within layouts/application (0.1ms)
Completed 200 OK in 10ms (Views: 9.8ms | ActiveRecord: 0.0ms)


Started GET "/" for 127.0.0.1 at 2012-08-23 23:04:45 +0700
Processing by HomeController#index as HTML
  Rendered home/index.html.haml within layouts/application (0.1ms)
Completed 200 OK in 21ms (Views: 20.7ms | ActiveRecord: 0.0ms)


Started GET "/users/sign_in" for 127.0.0.1 at 2012-08-23 23:04:48 +0700
Processing by Devise::SessionsController#new as HTML
  Rendered /Users/ruslan/.rvm/gems/ruby-1.9.3-p194@happy/gems/devise-2.1.2/app/views/devise/shared/_links.erb (0.4ms)
  Rendered /Users/ruslan/.rvm/gems/ruby-1.9.3-p194@happy/gems/devise-2.1.2/app/views/devise/sessions/new.html.erb within layouts/application (3.8ms)
Completed 200 OK in 15ms (Views: 14.4ms | ActiveRecord: 0.0ms)


Started GET "/users/sign_in" for 127.0.0.1 at 2012-08-23 23:05:17 +0700
Processing by Devise::SessionsController#new as HTML
  Rendered /Users/ruslan/.rvm/gems/ruby-1.9.3-p194@happy/gems/devise-2.1.2/app/views/devise/shared/_links.erb (0.4ms)
  Rendered /Users/ruslan/.rvm/gems/ruby-1.9.3-p194@happy/gems/devise-2.1.2/app/views/devise/sessions/new.html.erb within layouts/application (3.9ms)
Completed 200 OK in 17ms (Views: 16.2ms | ActiveRecord: 0.0ms)


Started GET "/users/sign_in" for 127.0.0.1 at 2012-08-23 23:05:39 +0700
Processing by Devise::SessionsController#new as HTML
  Rendered /Users/ruslan/.rvm/gems/ruby-1.9.3-p194@happy/gems/devise-2.1.2/app/views/devise/shared/_links.erb (0.4ms)
  Rendered /Users/ruslan/.rvm/gems/ruby-1.9.3-p194@happy/gems/devise-2.1.2/app/views/devise/sessions/new.html.erb within layouts/application (3.7ms)
Completed 200 OK in 41ms (Views: 40.4ms | ActiveRecord: 0.0ms)


Started GET "/users/sign_up" for 127.0.0.1 at 2012-08-23 23:05:41 +0700
Processing by Devise::RegistrationsController#new as HTML
  Rendered /Users/ruslan/.rvm/gems/ruby-1.9.3-p194@happy/gems/devise-2.1.2/app/views/devise/shared/_links.erb (0.7ms)
  Rendered /Users/ruslan/.rvm/gems/ruby-1.9.3-p194@happy/gems/devise-2.1.2/app/views/devise/registrations/new.html.erb within layouts/application (5.7ms)
Completed 200 OK in 19ms (Views: 18.1ms | ActiveRecord: 0.0ms)


Started GET "/" for 127.0.0.1 at 2012-08-23 23:05:43 +0700
Processing by HomeController#index as HTML
  Rendered home/index.html.haml within layouts/application (0.1ms)
Completed 200 OK in 10ms (Views: 9.8ms | ActiveRecord: 0.0ms)


Started GET "/users/sign_up" for 127.0.0.1 at 2012-08-23 23:05:45 +0700
Processing by Devise::RegistrationsController#new as HTML
  Rendered /Users/ruslan/.rvm/gems/ruby-1.9.3-p194@happy/gems/devise-2.1.2/app/views/devise/shared/_links.erb (0.8ms)
  Rendered /Users/ruslan/.rvm/gems/ruby-1.9.3-p194@happy/gems/devise-2.1.2/app/views/devise/registrations/new.html.erb within layouts/application (4.6ms)
Completed 200 OK in 16ms (Views: 15.8ms | ActiveRecord: 0.0ms)


Started GET "/" for 127.0.0.1 at 2012-08-23 23:05:53 +0700
Processing by HomeController#index as HTML
  Rendered home/index.html.haml within layouts/application (0.1ms)
Completed 200 OK in 28ms (Views: 27.6ms | ActiveRecord: 0.0ms)


Started GET "/users/sign_up" for 127.0.0.1 at 2012-08-23 23:05:55 +0700
Processing by Devise::RegistrationsController#new as HTML
  Rendered /Users/ruslan/.rvm/gems/ruby-1.9.3-p194@happy/gems/devise-2.1.2/app/views/devise/shared/_links.erb (0.5ms)
  Rendered /Users/ruslan/.rvm/gems/ruby-1.9.3-p194@happy/gems/devise-2.1.2/app/views/devise/registrations/new.html.erb within layouts/application (3.6ms)
Completed 200 OK in 15ms (Views: 14.8ms | ActiveRecord: 0.0ms)


Started GET "/" for 127.0.0.1 at 2012-08-23 23:05:57 +0700
Processing by HomeController#index as HTML
  Rendered home/index.html.haml within layouts/application (0.1ms)
Completed 200 OK in 9ms (Views: 9.2ms | ActiveRecord: 0.0ms)


Started GET "/users/sign_up" for 127.0.0.1 at 2012-08-23 23:05:59 +0700
Processing by Devise::RegistrationsController#new as HTML
  Rendered /Users/ruslan/.rvm/gems/ruby-1.9.3-p194@happy/gems/devise-2.1.2/app/views/devise/shared/_links.erb (0.4ms)
  Rendered /Users/ruslan/.rvm/gems/ruby-1.9.3-p194@happy/gems/devise-2.1.2/app/views/devise/registrations/new.html.erb within layouts/application (3.4ms)
Completed 200 OK in 38ms (Views: 36.9ms | ActiveRecord: 0.0ms)


Started GET "/" for 127.0.0.1 at 2012-08-23 23:06:00 +0700
Processing by HomeController#index as HTML
  Rendered home/index.html.haml within layouts/application (0.1ms)
Completed 200 OK in 10ms (Views: 9.8ms | ActiveRecord: 0.0ms)


Started GET "/" for 127.0.0.1 at 2012-08-23 23:06:10 +0700
Processing by HomeController#index as HTML
  Rendered home/index.html.haml within layouts/application (0.1ms)
Completed 200 OK in 18ms (Views: 18.1ms | ActiveRecord: 0.0ms)


Started GET "/" for 127.0.0.1 at 2012-08-23 23:06:11 +0700
Processing by HomeController#index as HTML
  Rendered home/index.html.haml within layouts/application (0.2ms)
Completed 200 OK in 10ms (Views: 10.0ms | ActiveRecord: 0.0ms)


Started GET "/" for 127.0.0.1 at 2012-08-23 23:06:11 +0700
Processing by HomeController#index as HTML
  Rendered home/index.html.haml within layouts/application (0.1ms)
Completed 200 OK in 9ms (Views: 9.2ms | ActiveRecord: 0.0ms)


Started GET "/" for 127.0.0.1 at 2012-08-23 23:06:33 +0700
Processing by HomeController#index as HTML
  Rendered home/index.html.haml within layouts/application (0.2ms)
Completed 200 OK in 43ms (Views: 42.5ms | ActiveRecord: 0.0ms)


Started GET "/" for 127.0.0.1 at 2012-08-23 23:07:02 +0700
Processing by HomeController#index as HTML
  Rendered home/index.html.haml within layouts/application (0.1ms)
Completed 200 OK in 44ms (Views: 43.7ms | ActiveRecord: 0.0ms)


Started GET "/users/sign_up" for 127.0.0.1 at 2012-08-23 23:07:07 +0700
Processing by Devise::RegistrationsController#new as HTML
  Rendered /Users/ruslan/.rvm/gems/ruby-1.9.3-p194@happy/gems/devise-2.1.2/app/views/devise/shared/_links.erb (0.4ms)
  Rendered /Users/ruslan/.rvm/gems/ruby-1.9.3-p194@happy/gems/devise-2.1.2/app/views/devise/registrations/new.html.erb within layouts/application (3.6ms)
Completed 200 OK in 15ms (Views: 14.8ms | ActiveRecord: 0.0ms)


Started GET "/users/sign_in" for 127.0.0.1 at 2012-08-23 23:07:08 +0700
Processing by Devise::SessionsController#new as HTML
  Rendered /Users/ruslan/.rvm/gems/ruby-1.9.3-p194@happy/gems/devise-2.1.2/app/views/devise/shared/_links.erb (0.4ms)
  Rendered /Users/ruslan/.rvm/gems/ruby-1.9.3-p194@happy/gems/devise-2.1.2/app/views/devise/sessions/new.html.erb within layouts/application (3.6ms)
Completed 200 OK in 15ms (Views: 14.2ms | ActiveRecord: 0.0ms)


Started GET "/users/sign_up" for 127.0.0.1 at 2012-08-23 23:07:10 +0700
Processing by Devise::RegistrationsController#new as HTML
  Rendered /Users/ruslan/.rvm/gems/ruby-1.9.3-p194@happy/gems/devise-2.1.2/app/views/devise/shared/_links.erb (0.4ms)
  Rendered /Users/ruslan/.rvm/gems/ruby-1.9.3-p194@happy/gems/devise-2.1.2/app/views/devise/registrations/new.html.erb within layouts/application (3.4ms)
Completed 200 OK in 15ms (Views: 14.8ms | ActiveRecord: 0.0ms)


Started GET "/users/sign_up" for 127.0.0.1 at 2012-08-23 23:07:11 +0700
Processing by Devise::RegistrationsController#new as HTML
  Rendered /Users/ruslan/.rvm/gems/ruby-1.9.3-p194@happy/gems/devise-2.1.2/app/views/devise/shared/_links.erb (0.4ms)
  Rendered /Users/ruslan/.rvm/gems/ruby-1.9.3-p194@happy/gems/devise-2.1.2/app/views/devise/registrations/new.html.erb within layouts/application (3.9ms)
Completed 200 OK in 15ms (Views: 14.1ms | ActiveRecord: 0.0ms)


Started POST "/users" for 127.0.0.1 at 2012-08-23 23:07:21 +0700
Processing by Devise::RegistrationsController#create as HTML
  Parameters: {"utf8"=>"✓", "authenticity_token"=>"8mg1GxHi0chKug+9GXsPN0bh2OjKS59is3kZvDoVCqY=", "user"=>{"email"=>"ruslan.sharipov@7bits.it", "password"=>"[FILTERED]", "password_confirmation"=>"[FILTERED]"}, "commit"=>"Sign up"}
  [1m[36m (0.2ms)[0m  [1mBEGIN[0m
  [1m[35mSQL (3.3ms)[0m  INSERT INTO `users` (`created_at`, `current_sign_in_at`, `current_sign_in_ip`, `email`, `encrypted_password`, `last_sign_in_at`, `last_sign_in_ip`, `remember_created_at`, `reset_password_sent_at`, `reset_password_token`, `sign_in_count`, `updated_at`) VALUES ('2012-08-23 16:07:21', NULL, NULL, 'ruslan.sharipov@7bits.it', '$2a$10$LyOLUBjJkTsqSwBDFYm8XeheilLncalbH4pWo4RdI8zY2LggrWiO6', NULL, NULL, NULL, NULL, NULL, 0, '2012-08-23 16:07:21')
  [1m[36m (0.2ms)[0m  [1mCOMMIT[0m
  [1m[35m (0.3ms)[0m  BEGIN
  [1m[36m (1.0ms)[0m  [1mUPDATE `users` SET `last_sign_in_at` = '2012-08-23 16:07:21', `current_sign_in_at` = '2012-08-23 16:07:21', `last_sign_in_ip` = '127.0.0.1', `current_sign_in_ip` = '127.0.0.1', `sign_in_count` = 1, `updated_at` = '2012-08-23 16:07:21' WHERE `users`.`id` = 1[0m
  [1m[35m (0.3ms)[0m  COMMIT
Redirected to http://localhost:3000/
Completed 302 Found in 119ms (ActiveRecord: 0.0ms)


Started GET "/" for 127.0.0.1 at 2012-08-23 23:07:21 +0700
Processing by HomeController#index as HTML
  Rendered home/index.html.haml within layouts/application (0.2ms)
  [1m[36mUser Load (0.4ms)[0m  [1mSELECT `users`.* FROM `users` WHERE `users`.`id` = 1 LIMIT 1[0m
Completed 200 OK in 19ms (Views: 18.2ms | ActiveRecord: 0.4ms)


Started GET "/" for 127.0.0.1 at 2012-08-23 23:07:25 +0700
Processing by HomeController#index as HTML
  Rendered home/index.html.haml within layouts/application (0.2ms)
  [1m[35mUser Load (0.3ms)[0m  SELECT `users`.* FROM `users` WHERE `users`.`id` = 1 LIMIT 1
Completed 200 OK in 16ms (Views: 15.4ms | ActiveRecord: 0.3ms)


Started GET "/" for 127.0.0.1 at 2012-08-23 23:07:26 +0700
Processing by HomeController#index as HTML
  Rendered home/index.html.haml within layouts/application (0.2ms)
  [1m[36mUser Load (0.3ms)[0m  [1mSELECT `users`.* FROM `users` WHERE `users`.`id` = 1 LIMIT 1[0m
Completed 200 OK in 13ms (Views: 12.2ms | ActiveRecord: 0.3ms)


Started DELETE "/users/sign_out" for 127.0.0.1 at 2012-08-23 23:07:34 +0700
Processing by Devise::SessionsController#destroy as HTML
  Parameters: {"authenticity_token"=>"8mg1GxHi0chKug+9GXsPN0bh2OjKS59is3kZvDoVCqY="}
  [1m[35mUser Load (0.3ms)[0m  SELECT `users`.* FROM `users` WHERE `users`.`id` = 1 LIMIT 1
  [1m[36m (0.1ms)[0m  [1mBEGIN[0m
  [1m[35m (0.1ms)[0m  COMMIT
Redirected to http://localhost:3000/
Completed 302 Found in 5ms (ActiveRecord: 0.5ms)


Started GET "/" for 127.0.0.1 at 2012-08-23 23:07:34 +0700
Processing by HomeController#index as HTML
  Rendered home/index.html.haml within layouts/application (0.2ms)
Completed 200 OK in 12ms (Views: 11.4ms | ActiveRecord: 0.0ms)


Started GET "/users/sign_in" for 127.0.0.1 at 2012-08-23 23:07:38 +0700
Processing by Devise::SessionsController#new as HTML
  Rendered /Users/ruslan/.rvm/gems/ruby-1.9.3-p194@happy/gems/devise-2.1.2/app/views/devise/shared/_links.erb (0.3ms)
  Rendered /Users/ruslan/.rvm/gems/ruby-1.9.3-p194@happy/gems/devise-2.1.2/app/views/devise/sessions/new.html.erb within layouts/application (3.2ms)
Completed 200 OK in 15ms (Views: 14.4ms | ActiveRecord: 0.0ms)


Started POST "/users/sign_in" for 127.0.0.1 at 2012-08-23 23:07:40 +0700
Processing by Devise::SessionsController#create as HTML
  Parameters: {"utf8"=>"✓", "authenticity_token"=>"On+sqms4ILhmizG8FBYCr2CWhwxCyZY+H6dBXQWIdcY=", "user"=>{"email"=>"ruslan.sharipov@7bits.it", "password"=>"[FILTERED]", "remember_me"=>"0"}, "commit"=>"Sign in"}
  [1m[36mUser Load (0.8ms)[0m  [1mSELECT `users`.* FROM `users` WHERE `users`.`email` = 'ruslan.sharipov@7bits.it' LIMIT 1[0m
Completed 401 Unauthorized in 87ms
Processing by Devise::SessionsController#new as HTML
  Parameters: {"utf8"=>"✓", "authenticity_token"=>"On+sqms4ILhmizG8FBYCr2CWhwxCyZY+H6dBXQWIdcY=", "user"=>{"email"=>"ruslan.sharipov@7bits.it", "password"=>"[FILTERED]", "remember_me"=>"0"}, "commit"=>"Sign in"}
  Rendered /Users/ruslan/.rvm/gems/ruby-1.9.3-p194@happy/gems/devise-2.1.2/app/views/devise/shared/_links.erb (0.7ms)
  Rendered /Users/ruslan/.rvm/gems/ruby-1.9.3-p194@happy/gems/devise-2.1.2/app/views/devise/sessions/new.html.erb within layouts/application (4.4ms)
Completed 200 OK in 100ms (Views: 17.0ms | ActiveRecord: 0.0ms)


Started POST "/users/sign_in" for 127.0.0.1 at 2012-08-23 23:07:45 +0700
Processing by Devise::SessionsController#create as HTML
  Parameters: {"utf8"=>"✓", "authenticity_token"=>"On+sqms4ILhmizG8FBYCr2CWhwxCyZY+H6dBXQWIdcY=", "user"=>{"email"=>"ruslan.sharipov@7bits.it", "password"=>"[FILTERED]", "remember_me"=>"0"}, "commit"=>"Sign in"}
  [1m[35mUser Load (0.3ms)[0m  SELECT `users`.* FROM `users` WHERE `users`.`email` = 'ruslan.sharipov@7bits.it' LIMIT 1
Completed 401 Unauthorized in 84ms
Processing by Devise::SessionsController#new as HTML
  Parameters: {"utf8"=>"✓", "authenticity_token"=>"On+sqms4ILhmizG8FBYCr2CWhwxCyZY+H6dBXQWIdcY=", "user"=>{"email"=>"ruslan.sharipov@7bits.it", "password"=>"[FILTERED]", "remember_me"=>"0"}, "commit"=>"Sign in"}
  Rendered /Users/ruslan/.rvm/gems/ruby-1.9.3-p194@happy/gems/devise-2.1.2/app/views/devise/shared/_links.erb (0.4ms)
  Rendered /Users/ruslan/.rvm/gems/ruby-1.9.3-p194@happy/gems/devise-2.1.2/app/views/devise/sessions/new.html.erb within layouts/application (3.9ms)
Completed 200 OK in 96ms (Views: 13.3ms | ActiveRecord: 0.0ms)


Started POST "/users/sign_in" for 127.0.0.1 at 2012-08-23 23:07:49 +0700
Processing by Devise::SessionsController#create as HTML
  Parameters: {"utf8"=>"✓", "authenticity_token"=>"On+sqms4ILhmizG8FBYCr2CWhwxCyZY+H6dBXQWIdcY=", "user"=>{"email"=>"ruslan.sharipov@7bits.it", "password"=>"[FILTERED]", "remember_me"=>"0"}, "commit"=>"Sign in"}
  [1m[36mUser Load (0.3ms)[0m  [1mSELECT `users`.* FROM `users` WHERE `users`.`email` = 'ruslan.sharipov@7bits.it' LIMIT 1[0m
Completed 401 Unauthorized in 85ms
Processing by Devise::SessionsController#new as HTML
  Parameters: {"utf8"=>"✓", "authenticity_token"=>"On+sqms4ILhmizG8FBYCr2CWhwxCyZY+H6dBXQWIdcY=", "user"=>{"email"=>"ruslan.sharipov@7bits.it", "password"=>"[FILTERED]", "remember_me"=>"0"}, "commit"=>"Sign in"}
  Rendered /Users/ruslan/.rvm/gems/ruby-1.9.3-p194@happy/gems/devise-2.1.2/app/views/devise/shared/_links.erb (0.3ms)
  Rendered /Users/ruslan/.rvm/gems/ruby-1.9.3-p194@happy/gems/devise-2.1.2/app/views/devise/sessions/new.html.erb within layouts/application (3.4ms)
Completed 200 OK in 98ms (Views: 14.1ms | ActiveRecord: 0.0ms)


Started POST "/users/sign_in" for 127.0.0.1 at 2012-08-23 23:07:56 +0700
Processing by Devise::SessionsController#create as HTML
  Parameters: {"utf8"=>"✓", "authenticity_token"=>"On+sqms4ILhmizG8FBYCr2CWhwxCyZY+H6dBXQWIdcY=", "user"=>{"email"=>"ruslan.sharipov@7bits.it", "password"=>"[FILTERED]", "remember_me"=>"0"}, "commit"=>"Sign in"}
  [1m[35mUser Load (0.3ms)[0m  SELECT `users`.* FROM `users` WHERE `users`.`email` = 'ruslan.sharipov@7bits.it' LIMIT 1
Completed 401 Unauthorized in 85ms
Processing by Devise::SessionsController#new as HTML
  Parameters: {"utf8"=>"✓", "authenticity_token"=>"On+sqms4ILhmizG8FBYCr2CWhwxCyZY+H6dBXQWIdcY=", "user"=>{"email"=>"ruslan.sharipov@7bits.it", "password"=>"[FILTERED]", "remember_me"=>"0"}, "commit"=>"Sign in"}
  Rendered /Users/ruslan/.rvm/gems/ruby-1.9.3-p194@happy/gems/devise-2.1.2/app/views/devise/shared/_links.erb (0.3ms)
  Rendered /Users/ruslan/.rvm/gems/ruby-1.9.3-p194@happy/gems/devise-2.1.2/app/views/devise/sessions/new.html.erb within layouts/application (3.4ms)
Completed 200 OK in 97ms (Views: 13.6ms | ActiveRecord: 0.0ms)
Connecting to database specified by database.yml


Started POST "/users/sign_in" for 127.0.0.1 at 2012-08-23 23:08:23 +0700
Processing by Devise::SessionsController#create as HTML
  Parameters: {"utf8"=>"✓", "authenticity_token"=>"On+sqms4ILhmizG8FBYCr2CWhwxCyZY+H6dBXQWIdcY=", "user"=>{"email"=>"ruslan.sharipov@7bits.it", "password"=>"[FILTERED]", "remember_me"=>"0"}, "commit"=>"Sign in"}
  [1m[36mUser Load (0.4ms)[0m  [1mSELECT `users`.* FROM `users` WHERE `users`.`email` = 'ruslan.sharipov@7bits.it' LIMIT 1[0m
Completed 401 Unauthorized in 85ms
Processing by Devise::SessionsController#new as HTML
  Parameters: {"utf8"=>"✓", "authenticity_token"=>"On+sqms4ILhmizG8FBYCr2CWhwxCyZY+H6dBXQWIdcY=", "user"=>{"email"=>"ruslan.sharipov@7bits.it", "password"=>"[FILTERED]", "remember_me"=>"0"}, "commit"=>"Sign in"}
  Rendered /Users/ruslan/.rvm/gems/ruby-1.9.3-p194@happy/gems/devise-2.1.2/app/views/devise/shared/_links.erb (0.4ms)
  Rendered /Users/ruslan/.rvm/gems/ruby-1.9.3-p194@happy/gems/devise-2.1.2/app/views/devise/sessions/new.html.erb within layouts/application (4.2ms)
Completed 200 OK in 97ms (Views: 13.9ms | ActiveRecord: 0.0ms)


Started POST "/users/sign_in" for 127.0.0.1 at 2012-08-23 23:08:28 +0700
Processing by Devise::SessionsController#create as HTML
  Parameters: {"utf8"=>"✓", "authenticity_token"=>"On+sqms4ILhmizG8FBYCr2CWhwxCyZY+H6dBXQWIdcY=", "user"=>{"email"=>"ruslan.sharipov@7bits.it", "password"=>"[FILTERED]", "remember_me"=>"0"}, "commit"=>"Sign in"}
  [1m[35mUser Load (0.3ms)[0m  SELECT `users`.* FROM `users` WHERE `users`.`email` = 'ruslan.sharipov@7bits.it' LIMIT 1
Completed 401 Unauthorized in 84ms
Processing by Devise::SessionsController#new as HTML
  Parameters: {"utf8"=>"✓", "authenticity_token"=>"On+sqms4ILhmizG8FBYCr2CWhwxCyZY+H6dBXQWIdcY=", "user"=>{"email"=>"ruslan.sharipov@7bits.it", "password"=>"[FILTERED]", "remember_me"=>"0"}, "commit"=>"Sign in"}
  Rendered /Users/ruslan/.rvm/gems/ruby-1.9.3-p194@happy/gems/devise-2.1.2/app/views/devise/shared/_links.erb (0.5ms)
  Rendered /Users/ruslan/.rvm/gems/ruby-1.9.3-p194@happy/gems/devise-2.1.2/app/views/devise/sessions/new.html.erb within layouts/application (3.8ms)
Completed 200 OK in 96ms (Views: 13.0ms | ActiveRecord: 0.0ms)


Started GET "/users/sign_up" for 127.0.0.1 at 2012-08-23 23:08:37 +0700
Processing by Devise::RegistrationsController#new as HTML
  Rendered /Users/ruslan/.rvm/gems/ruby-1.9.3-p194@happy/gems/devise-2.1.2/app/views/devise/shared/_links.erb (0.4ms)
  Rendered /Users/ruslan/.rvm/gems/ruby-1.9.3-p194@happy/gems/devise-2.1.2/app/views/devise/registrations/new.html.erb within layouts/application (4.3ms)
Completed 200 OK in 15ms (Views: 14.5ms | ActiveRecord: 0.0ms)


Started POST "/users" for 127.0.0.1 at 2012-08-23 23:08:43 +0700
Processing by Devise::RegistrationsController#create as HTML
  Parameters: {"utf8"=>"✓", "authenticity_token"=>"On+sqms4ILhmizG8FBYCr2CWhwxCyZY+H6dBXQWIdcY=", "user"=>{"email"=>"ruslan.sharipov@7bits.it", "password"=>"[FILTERED]", "password_confirmation"=>"[FILTERED]"}, "commit"=>"Sign up"}
  [1m[36m (0.2ms)[0m  [1mBEGIN[0m
  [1m[35mSQL (0.3ms)[0m  INSERT INTO `users` (`created_at`, `current_sign_in_at`, `current_sign_in_ip`, `email`, `encrypted_password`, `last_sign_in_at`, `last_sign_in_ip`, `remember_created_at`, `reset_password_sent_at`, `reset_password_token`, `sign_in_count`, `updated_at`) VALUES ('2012-08-23 16:08:43', NULL, NULL, 'ruslan.sharipov@7bits.it', '$2a$10$0aLHuuZso30zbTJaSDo0zOf9uL9xw/qImvdiBt55DzCEwE6wZgqla', NULL, NULL, NULL, NULL, NULL, 0, '2012-08-23 16:08:43')
  [1m[36m (0.4ms)[0m  [1mCOMMIT[0m
  [1m[35m (0.1ms)[0m  BEGIN
  [1m[36m (0.3ms)[0m  [1mUPDATE `users` SET `last_sign_in_at` = '2012-08-23 16:08:43', `current_sign_in_at` = '2012-08-23 16:08:43', `last_sign_in_ip` = '127.0.0.1', `current_sign_in_ip` = '127.0.0.1', `sign_in_count` = 1, `updated_at` = '2012-08-23 16:08:43' WHERE `users`.`id` = 2[0m
  [1m[35m (0.4ms)[0m  COMMIT
Redirected to http://localhost:3000/
Completed 302 Found in 90ms (ActiveRecord: 0.0ms)


Started GET "/" for 127.0.0.1 at 2012-08-23 23:08:43 +0700
Processing by HomeController#index as HTML
  Rendered home/index.html.haml within layouts/application (0.1ms)
  [1m[36mUser Load (0.3ms)[0m  [1mSELECT `users`.* FROM `users` WHERE `users`.`id` = 2 LIMIT 1[0m
Completed 200 OK in 12ms (Views: 11.9ms | ActiveRecord: 0.3ms)


Started GET "/" for 127.0.0.1 at 2012-08-23 23:08:44 +0700
Processing by HomeController#index as HTML
  Rendered home/index.html.haml within layouts/application (0.1ms)
  [1m[35mUser Load (0.3ms)[0m  SELECT `users`.* FROM `users` WHERE `users`.`id` = 2 LIMIT 1
Completed 200 OK in 11ms (Views: 10.3ms | ActiveRecord: 0.3ms)


Started DELETE "/users/sign_out" for 127.0.0.1 at 2012-08-23 23:08:45 +0700
Processing by Devise::SessionsController#destroy as HTML
  Parameters: {"authenticity_token"=>"On+sqms4ILhmizG8FBYCr2CWhwxCyZY+H6dBXQWIdcY="}
  [1m[36mUser Load (0.3ms)[0m  [1mSELECT `users`.* FROM `users` WHERE `users`.`id` = 2 LIMIT 1[0m
  [1m[35m (0.1ms)[0m  BEGIN
  [1m[36m (0.1ms)[0m  [1mCOMMIT[0m
Redirected to http://localhost:3000/
Completed 302 Found in 4ms (ActiveRecord: 0.4ms)


Started GET "/" for 127.0.0.1 at 2012-08-23 23:08:45 +0700
Processing by HomeController#index as HTML
  Rendered home/index.html.haml within layouts/application (0.2ms)
Completed 200 OK in 11ms (Views: 11.1ms | ActiveRecord: 0.0ms)


Started GET "/users/sign_in" for 127.0.0.1 at 2012-08-23 23:08:59 +0700
Processing by Devise::SessionsController#new as HTML
  Rendered /Users/ruslan/.rvm/gems/ruby-1.9.3-p194@happy/gems/devise-2.1.2/app/views/devise/shared/_links.erb (0.4ms)
  Rendered /Users/ruslan/.rvm/gems/ruby-1.9.3-p194@happy/gems/devise-2.1.2/app/views/devise/sessions/new.html.erb within layouts/application (3.8ms)
Completed 200 OK in 15ms (Views: 14.1ms | ActiveRecord: 0.0ms)


Started POST "/users/sign_in" for 127.0.0.1 at 2012-08-23 23:09:00 +0700
Processing by Devise::SessionsController#create as HTML
  Parameters: {"utf8"=>"✓", "authenticity_token"=>"Klst5z6HZ32RaFPMtIhvjMgBDUORxbp/XjEigblO1wk=", "user"=>{"email"=>"ruslan.sharipov@7bits.it", "password"=>"[FILTERED]", "remember_me"=>"0"}, "commit"=>"Sign in"}
  [1m[35mUser Load (0.3ms)[0m  SELECT `users`.* FROM `users` WHERE `users`.`email` = 'ruslan.sharipov@7bits.it' LIMIT 1
  [1m[36m (0.2ms)[0m  [1mBEGIN[0m
  [1m[35m (0.3ms)[0m  UPDATE `users` SET `current_sign_in_at` = '2012-08-23 16:09:00', `sign_in_count` = 2, `updated_at` = '2012-08-23 16:09:00' WHERE `users`.`id` = 2
  [1m[36m (0.4ms)[0m  [1mCOMMIT[0m
Redirected to http://localhost:3000/
Completed 302 Found in 91ms (ActiveRecord: 0.0ms)


Started GET "/" for 127.0.0.1 at 2012-08-23 23:09:00 +0700
Processing by HomeController#index as HTML
  Rendered home/index.html.haml within layouts/application (0.1ms)
  [1m[35mUser Load (0.3ms)[0m  SELECT `users`.* FROM `users` WHERE `users`.`id` = 2 LIMIT 1
Completed 200 OK in 12ms (Views: 11.7ms | ActiveRecord: 0.3ms)


Started DELETE "/users/sign_out" for 127.0.0.1 at 2012-08-23 23:09:06 +0700
Processing by Devise::SessionsController#destroy as HTML
  Parameters: {"authenticity_token"=>"Klst5z6HZ32RaFPMtIhvjMgBDUORxbp/XjEigblO1wk="}
  [1m[36mUser Load (0.3ms)[0m  [1mSELECT `users`.* FROM `users` WHERE `users`.`id` = 2 LIMIT 1[0m
  [1m[35m (0.2ms)[0m  BEGIN
  [1m[36m (0.2ms)[0m  [1mCOMMIT[0m
Redirected to http://localhost:3000/
Completed 302 Found in 3ms (ActiveRecord: 0.7ms)


Started GET "/" for 127.0.0.1 at 2012-08-23 23:09:06 +0700
Processing by HomeController#index as HTML
  Rendered home/index.html.haml within layouts/application (0.1ms)
Completed 200 OK in 10ms (Views: 9.8ms | ActiveRecord: 0.0ms)


Started GET "/" for 127.0.0.1 at 2012-08-23 23:09:31 +0700
Processing by HomeController#index as HTML
  Rendered home/index.html.haml within layouts/application (0.1ms)
Completed 200 OK in 20ms (Views: 19.5ms | ActiveRecord: 0.0ms)


Started GET "/" for 127.0.0.1 at 2012-08-23 23:09:41 +0700
Processing by HomeController#index as HTML
  Rendered home/index.html.haml within layouts/application (0.1ms)
Completed 200 OK in 16ms (Views: 15.8ms | ActiveRecord: 0.0ms)


Started GET "/users/sign_in" for 127.0.0.1 at 2012-08-23 23:09:43 +0700
Processing by Devise::SessionsController#new as HTML
  Rendered /Users/ruslan/.rvm/gems/ruby-1.9.3-p194@happy/gems/devise-2.1.2/app/views/devise/shared/_links.erb (0.5ms)
  Rendered /Users/ruslan/.rvm/gems/ruby-1.9.3-p194@happy/gems/devise-2.1.2/app/views/devise/sessions/new.html.erb within layouts/application (5.1ms)
Completed 200 OK in 16ms (Views: 15.0ms | ActiveRecord: 0.0ms)


Started POST "/users/sign_in" for 127.0.0.1 at 2012-08-23 23:09:45 +0700
Processing by Devise::SessionsController#create as HTML
  Parameters: {"utf8"=>"✓", "authenticity_token"=>"Yis27ehyTDtNJJUMmxkbhxUGrbjfVhMclH9GM6ShkUg=", "user"=>{"email"=>"ruslan.sharipov@7bits.it", "password"=>"[FILTERED]", "remember_me"=>"0"}, "commit"=>"Sign in"}
  [1m[35mUser Load (0.4ms)[0m  SELECT `users`.* FROM `users` WHERE `users`.`email` = 'ruslan.sharipov@7bits.it' LIMIT 1
  [1m[36m (0.1ms)[0m  [1mBEGIN[0m
  [1m[35m (0.3ms)[0m  UPDATE `users` SET `last_sign_in_at` = '2012-08-23 16:09:00', `current_sign_in_at` = '2012-08-23 16:09:45', `sign_in_count` = 3, `updated_at` = '2012-08-23 16:09:45' WHERE `users`.`id` = 2
  [1m[36m (0.2ms)[0m  [1mCOMMIT[0m
Redirected to http://localhost:3000/
Completed 302 Found in 93ms (ActiveRecord: 0.0ms)


Started GET "/" for 127.0.0.1 at 2012-08-23 23:09:45 +0700
Processing by HomeController#index as HTML
  Rendered home/index.html.haml within layouts/application (0.1ms)
  [1m[35mUser Load (0.3ms)[0m  SELECT `users`.* FROM `users` WHERE `users`.`id` = 2 LIMIT 1
Completed 200 OK in 10ms (Views: 9.1ms | ActiveRecord: 0.3ms)


Started GET "/" for 127.0.0.1 at 2012-08-23 23:09:55 +0700
Processing by HomeController#index as HTML
  Rendered home/index.html.haml within layouts/application (0.2ms)
  [1m[36mUser Load (0.3ms)[0m  [1mSELECT `users`.* FROM `users` WHERE `users`.`id` = 2 LIMIT 1[0m
Completed 200 OK in 13ms (Views: 12.7ms | ActiveRecord: 0.3ms)


Started GET "/" for 127.0.0.1 at 2012-08-23 23:09:56 +0700
Processing by HomeController#index as HTML
  Rendered home/index.html.haml within layouts/application (0.1ms)
  [1m[35mUser Load (0.3ms)[0m  SELECT `users`.* FROM `users` WHERE `users`.`id` = 2 LIMIT 1
Completed 200 OK in 12ms (Views: 11.1ms | ActiveRecord: 0.3ms)


Started GET "/" for 127.0.0.1 at 2012-08-23 23:10:25 +0700
Processing by HomeController#index as HTML
  Rendered home/index.html.haml within layouts/application (0.1ms)
  [1m[36mUser Load (0.4ms)[0m  [1mSELECT `users`.* FROM `users` WHERE `users`.`id` = 2 LIMIT 1[0m
Completed 200 OK in 18ms (Views: 17.8ms | ActiveRecord: 0.4ms)


Started GET "/" for 127.0.0.1 at 2012-08-23 23:10:33 +0700
Processing by HomeController#index as HTML
  Rendered home/index.html.haml within layouts/application (0.1ms)
  [1m[35mUser Load (0.3ms)[0m  SELECT `users`.* FROM `users` WHERE `users`.`id` = 2 LIMIT 1
Completed 200 OK in 18ms (Views: 17.7ms | ActiveRecord: 0.3ms)


Started GET "/" for 127.0.0.1 at 2012-08-23 23:11:25 +0700
Processing by HomeController#index as HTML
  Rendered home/index.html.haml within layouts/application (0.1ms)
  [1m[36mUser Load (0.3ms)[0m  [1mSELECT `users`.* FROM `users` WHERE `users`.`id` = 2 LIMIT 1[0m
Completed 200 OK in 18ms (Views: 17.2ms | ActiveRecord: 0.3ms)


Started GET "/" for 127.0.0.1 at 2012-08-23 23:11:33 +0700
Processing by HomeController#index as HTML
  Rendered home/index.html.haml within layouts/application (0.1ms)
  [1m[35mUser Load (0.3ms)[0m  SELECT `users`.* FROM `users` WHERE `users`.`id` = 2 LIMIT 1
Completed 200 OK in 55ms (Views: 54.7ms | ActiveRecord: 0.3ms)


Started GET "/" for 127.0.0.1 at 2012-08-23 23:11:38 +0700
Processing by HomeController#index as HTML
  Rendered home/index.html.haml within layouts/application (0.2ms)
  [1m[36mUser Load (0.3ms)[0m  [1mSELECT `users`.* FROM `users` WHERE `users`.`id` = 2 LIMIT 1[0m
Completed 200 OK in 20ms (Views: 19.4ms | ActiveRecord: 0.3ms)


Started GET "/" for 127.0.0.1 at 2012-08-23 23:11:38 +0700
Processing by HomeController#index as HTML
  Rendered home/index.html.haml within layouts/application (0.1ms)
  [1m[35mUser Load (0.5ms)[0m  SELECT `users`.* FROM `users` WHERE `users`.`id` = 2 LIMIT 1
Completed 200 OK in 11ms (Views: 10.2ms | ActiveRecord: 0.5ms)


Started GET "/" for 127.0.0.1 at 2012-08-23 23:11:39 +0700
Processing by HomeController#index as HTML
  Rendered home/index.html.haml within layouts/application (0.2ms)
  [1m[36mUser Load (0.4ms)[0m  [1mSELECT `users`.* FROM `users` WHERE `users`.`id` = 2 LIMIT 1[0m
Completed 200 OK in 14ms (Views: 13.0ms | ActiveRecord: 0.4ms)
